ls: cannot open directory '/boot/efi': Permission denied
ls: cannot open directory '/etc/cups/ssl': Permission denied
ls: cannot open directory '/etc/polkit-1/localauthority': Permission denied
ls: cannot open directory '/etc/ssl/private': Permission denied
ls: cannot open directory '/lost+found': Permission denied
ls: cannot open directory '/proc/1/fd': Permission denied
ls: cannot open directory '/proc/1/fdinfo': Permission denied
ls: cannot open directory '/proc/1/map_files': Permission denied
ls: cannot open directory '/proc/1/ns': Permission denied
ls: cannot open directory '/proc/1/task/1/fd': Permission denied
ls: cannot open directory '/proc/1/task/1/fdinfo': Permission denied
ls: cannot open directory '/proc/1/task/1/ns': Permission denied
ls: cannot open directory '/proc/10/fd': Permission denied
ls: cannot open directory '/proc/10/fdinfo': Permission denied
ls: cannot open directory '/proc/10/map_files': Permission denied
ls: cannot open directory '/proc/10/ns': Permission denied
ls: cannot open directory '/proc/10/task/10/fd': Permission denied
ls: cannot open directory '/proc/10/task/10/fdinfo': Permission denied
ls: cannot open directory '/proc/10/task/10/ns': Permission denied
ls: cannot open directory '/proc/100/fd': Permission denied
ls: cannot open directory '/proc/100/fdinfo': Permission denied
ls: cannot open directory '/proc/100/map_files': Permission denied
ls: cannot open directory '/proc/100/ns': Permission denied
ls: cannot open directory '/proc/100/task/100/fd': Permission denied
ls: cannot open directory '/proc/100/task/100/fdinfo': Permission denied
ls: cannot open directory '/proc/100/task/100/ns': Permission denied
ls: cannot open directory '/proc/101/fd': Permission denied
ls: cannot open directory '/proc/101/fdinfo': Permission denied
ls: cannot open directory '/proc/101/map_files': Permission denied
ls: cannot open directory '/proc/101/ns': Permission denied
ls: cannot open directory '/proc/101/task/101/fd': Permission denied
ls: cannot open directory '/proc/101/task/101/fdinfo': Permission denied
ls: cannot open directory '/proc/101/task/101/ns': Permission denied
ls: cannot open directory '/proc/103/fd': Permission denied
ls: cannot open directory '/proc/103/fdinfo': Permission denied
ls: cannot open directory '/proc/103/map_files': Permission denied
ls: cannot open directory '/proc/103/ns': Permission denied
ls: cannot open directory '/proc/103/task/103/fd': Permission denied
ls: cannot open directory '/proc/103/task/103/fdinfo': Permission denied
ls: cannot open directory '/proc/103/task/103/ns': Permission denied
ls: cannot open directory '/proc/1036/fd': Permission denied
ls: cannot open directory '/proc/1036/fdinfo': Permission denied
ls: cannot open directory '/proc/1036/map_files': Permission denied
ls: cannot open directory '/proc/1036/ns': Permission denied
ls: cannot open directory '/proc/1036/task/1036/fd': Permission denied
ls: cannot open directory '/proc/1036/task/1036/fdinfo': Permission denied
ls: cannot open directory '/proc/1036/task/1036/ns': Permission denied
ls: cannot open directory '/proc/1036/task/1037/fd': Permission denied
ls: cannot open directory '/proc/1036/task/1037/fdinfo': Permission denied
ls: cannot open directory '/proc/1036/task/1037/ns': Permission denied
ls: cannot open directory '/proc/1036/task/1038/fd': Permission denied
ls: cannot open directory '/proc/1036/task/1038/fdinfo': Permission denied
ls: cannot open directory '/proc/1036/task/1038/ns': Permission denied
ls: cannot open directory '/proc/1049/fd': Permission denied
ls: cannot open directory '/proc/1049/fdinfo': Permission denied
ls: cannot open directory '/proc/1049/map_files': Permission denied
ls: cannot open directory '/proc/1049/ns': Permission denied
ls: cannot open directory '/proc/1049/task/1049/fd': Permission denied
ls: cannot open directory '/proc/1049/task/1049/fdinfo': Permission denied
ls: cannot open directory '/proc/1049/task/1049/ns': Permission denied
ls: cannot open directory '/proc/1049/task/1055/fd': Permission denied
ls: cannot open directory '/proc/1049/task/1055/fdinfo': Permission denied
ls: cannot open directory '/proc/1049/task/1055/ns': Permission denied
ls: cannot open directory '/proc/1049/task/1056/fd': Permission denied
ls: cannot open directory '/proc/1049/task/1056/fdinfo': Permission denied
ls: cannot open directory '/proc/1049/task/1056/ns': Permission denied
ls: cannot open directory '/proc/105/fd': Permission denied
ls: cannot open directory '/proc/105/fdinfo': Permission denied
ls: cannot open directory '/proc/105/map_files': Permission denied
ls: cannot open directory '/proc/105/ns': Permission denied
ls: cannot open directory '/proc/105/task/105/fd': Permission denied
ls: cannot open directory '/proc/105/task/105/fdinfo': Permission denied
ls: cannot open directory '/proc/105/task/105/ns': Permission denied
ls: cannot open directory '/proc/106/fd': Permission denied
ls: cannot open directory '/proc/106/fdinfo': Permission denied
ls: cannot open directory '/proc/106/map_files': Permission denied
ls: cannot open directory '/proc/106/ns': Permission denied
ls: cannot open directory '/proc/106/task/106/fd': Permission denied
ls: cannot open directory '/proc/106/task/106/fdinfo': Permission denied
ls: cannot open directory '/proc/106/task/106/ns': Permission denied
ls: cannot open directory '/proc/1060/fd': Permission denied
ls: cannot open directory '/proc/1060/fdinfo': Permission denied
ls: cannot open directory '/proc/1060/map_files': Permission denied
ls: cannot open directory '/proc/1060/ns': Permission denied
ls: cannot open directory '/proc/1060/task/1060/fd': Permission denied
ls: cannot open directory '/proc/1060/task/1060/fdinfo': Permission denied
ls: cannot open directory '/proc/1060/task/1060/ns': Permission denied
ls: cannot open directory '/proc/108/fd': Permission denied
ls: cannot open directory '/proc/108/fdinfo': Permission denied
ls: cannot open directory '/proc/108/map_files': Permission denied
ls: cannot open directory '/proc/108/ns': Permission denied
ls: cannot open directory '/proc/108/task/108/fd': Permission denied
ls: cannot open directory '/proc/108/task/108/fdinfo': Permission denied
ls: cannot open directory '/proc/108/task/108/ns': Permission denied
ls: cannot open directory '/proc/109/fd': Permission denied
ls: cannot open directory '/proc/109/fdinfo': Permission denied
ls: cannot open directory '/proc/109/map_files': Permission denied
ls: cannot open directory '/proc/109/ns': Permission denied
ls: cannot open directory '/proc/109/task/109/fd': Permission denied
ls: cannot open directory '/proc/109/task/109/fdinfo': Permission denied
ls: cannot open directory '/proc/109/task/109/ns': Permission denied
ls: cannot open directory '/proc/11/fd': Permission denied
ls: cannot open directory '/proc/11/fdinfo': Permission denied
ls: cannot open directory '/proc/11/map_files': Permission denied
ls: cannot open directory '/proc/11/ns': Permission denied
ls: cannot open directory '/proc/11/task/11/fd': Permission denied
ls: cannot open directory '/proc/11/task/11/fdinfo': Permission denied
ls: cannot open directory '/proc/11/task/11/ns': Permission denied
ls: cannot open directory '/proc/111/fd': Permission denied
ls: cannot open directory '/proc/111/fdinfo': Permission denied
ls: cannot open directory '/proc/111/map_files': Permission denied
ls: cannot open directory '/proc/111/ns': Permission denied
ls: cannot open directory '/proc/111/task/111/fd': Permission denied
ls: cannot open directory '/proc/111/task/111/fdinfo': Permission denied
ls: cannot open directory '/proc/111/task/111/ns': Permission denied
ls: cannot open directory '/proc/1111/fd': Permission denied
ls: cannot open directory '/proc/1111/fdinfo': Permission denied
ls: cannot open directory '/proc/1111/map_files': Permission denied
ls: cannot open directory '/proc/1111/ns': Permission denied
ls: cannot open directory '/proc/1111/task/1111/fd': Permission denied
ls: cannot open directory '/proc/1111/task/1111/fdinfo': Permission denied
ls: cannot open directory '/proc/1111/task/1111/ns': Permission denied
ls: cannot open directory '/proc/1111/task/1115/fd': Permission denied
ls: cannot open directory '/proc/1111/task/1115/fdinfo': Permission denied
ls: cannot open directory '/proc/1111/task/1115/ns': Permission denied
ls: cannot open directory '/proc/1111/task/1117/fd': Permission denied
ls: cannot open directory '/proc/1111/task/1117/fdinfo': Permission denied
ls: cannot open directory '/proc/1111/task/1117/ns': Permission denied
ls: cannot open directory '/proc/1112/fd': Permission denied
ls: cannot open directory '/proc/1112/fdinfo': Permission denied
ls: cannot open directory '/proc/1112/map_files': Permission denied
ls: cannot open directory '/proc/1112/ns': Permission denied
ls: cannot open directory '/proc/1112/task/1112/fd': Permission denied
ls: cannot open directory '/proc/1112/task/1112/fdinfo': Permission denied
ls: cannot open directory '/proc/1112/task/1112/ns': Permission denied
ls: cannot open directory '/proc/1114/fd': Permission denied
ls: cannot open directory '/proc/1114/fdinfo': Permission denied
ls: cannot open directory '/proc/1114/map_files': Permission denied
ls: cannot open directory '/proc/1114/ns': Permission denied
ls: cannot open directory '/proc/1114/task/1114/fd': Permission denied
ls: cannot open directory '/proc/1114/task/1114/fdinfo': Permission denied
ls: cannot open directory '/proc/1114/task/1114/ns': Permission denied
ls: cannot open directory '/proc/1118/fd': Permission denied
ls: cannot open directory '/proc/1118/fdinfo': Permission denied
ls: cannot open directory '/proc/1118/map_files': Permission denied
ls: cannot open directory '/proc/1118/ns': Permission denied
ls: cannot open directory '/proc/1118/task/1118/fd': Permission denied
ls: cannot open directory '/proc/1118/task/1118/fdinfo': Permission denied
ls: cannot open directory '/proc/1118/task/1118/ns': Permission denied
ls: cannot open directory '/proc/1121/fd': Permission denied
ls: cannot open directory '/proc/1121/fdinfo': Permission denied
ls: cannot open directory '/proc/1121/map_files': Permission denied
ls: cannot open directory '/proc/1121/ns': Permission denied
ls: cannot open directory '/proc/1121/task/1121/fd': Permission denied
ls: cannot open directory '/proc/1121/task/1121/fdinfo': Permission denied
ls: cannot open directory '/proc/1121/task/1121/ns': Permission denied
ls: cannot open directory '/proc/1129/fd': Permission denied
ls: cannot open directory '/proc/1129/fdinfo': Permission denied
ls: cannot open directory '/proc/1129/map_files': Permission denied
ls: cannot open directory '/proc/1129/ns': Permission denied
ls: cannot open directory '/proc/1129/task/1129/fd': Permission denied
ls: cannot open directory '/proc/1129/task/1129/fdinfo': Permission denied
ls: cannot open directory '/proc/1129/task/1129/ns': Permission denied
ls: cannot open directory '/proc/1129/task/1130/fd': Permission denied
ls: cannot open directory '/proc/1129/task/1130/fdinfo': Permission denied
ls: cannot open directory '/proc/1129/task/1130/ns': Permission denied
ls: cannot open directory '/proc/1129/task/1131/fd': Permission denied
ls: cannot open directory '/proc/1129/task/1131/fdinfo': Permission denied
ls: cannot open directory '/proc/1129/task/1131/ns': Permission denied
ls: cannot open directory '/proc/1129/task/1315/fd': Permission denied
ls: cannot open directory '/proc/1129/task/1315/fdinfo': Permission denied
ls: cannot open directory '/proc/1129/task/1315/ns': Permission denied
ls: cannot open directory '/proc/114/fd': Permission denied
ls: cannot open directory '/proc/114/fdinfo': Permission denied
ls: cannot open directory '/proc/114/map_files': Permission denied
ls: cannot open directory '/proc/114/ns': Permission denied
ls: cannot open directory '/proc/114/task/114/fd': Permission denied
ls: cannot open directory '/proc/114/task/114/fdinfo': Permission denied
ls: cannot open directory '/proc/114/task/114/ns': Permission denied
ls: cannot open directory '/proc/1188/fd': Permission denied
ls: cannot open directory '/proc/1188/fdinfo': Permission denied
ls: cannot open directory '/proc/1188/map_files': Permission denied
ls: cannot open directory '/proc/1188/ns': Permission denied
ls: cannot open directory '/proc/1188/task/1188/fd': Permission denied
ls: cannot open directory '/proc/1188/task/1188/fdinfo': Permission denied
ls: cannot open directory '/proc/1188/task/1188/ns': Permission denied
ls: cannot open directory '/proc/12/fd': Permission denied
ls: cannot open directory '/proc/12/fdinfo': Permission denied
ls: cannot open directory '/proc/12/map_files': Permission denied
ls: cannot open directory '/proc/12/ns': Permission denied
ls: cannot open directory '/proc/12/task/12/fd': Permission denied
ls: cannot open directory '/proc/12/task/12/fdinfo': Permission denied
ls: cannot open directory '/proc/12/task/12/ns': Permission denied
ls: cannot open directory '/proc/123/fd': Permission denied
ls: cannot open directory '/proc/123/fdinfo': Permission denied
ls: cannot open directory '/proc/123/map_files': Permission denied
ls: cannot open directory '/proc/123/ns': Permission denied
ls: cannot open directory '/proc/123/task/123/fd': Permission denied
ls: cannot open directory '/proc/123/task/123/fdinfo': Permission denied
ls: cannot open directory '/proc/123/task/123/ns': Permission denied
ls: cannot open directory '/proc/1234/fd': Permission denied
ls: cannot open directory '/proc/1234/fdinfo': Permission denied
ls: cannot open directory '/proc/1234/map_files': Permission denied
ls: cannot open directory '/proc/1234/ns': Permission denied
ls: cannot open directory '/proc/1234/task/1234/fd': Permission denied
ls: cannot open directory '/proc/1234/task/1234/fdinfo': Permission denied
ls: cannot open directory '/proc/1234/task/1234/ns': Permission denied
ls: cannot open directory '/proc/126/fd': Permission denied
ls: cannot open directory '/proc/126/fdinfo': Permission denied
ls: cannot open directory '/proc/126/map_files': Permission denied
ls: cannot open directory '/proc/126/ns': Permission denied
ls: cannot open directory '/proc/126/task/126/fd': Permission denied
ls: cannot open directory '/proc/126/task/126/fdinfo': Permission denied
ls: cannot open directory '/proc/126/task/126/ns': Permission denied
ls: cannot open directory '/proc/12667/fd': Permission denied
ls: cannot open directory '/proc/12667/fdinfo': Permission denied
ls: cannot open directory '/proc/12667/map_files': Permission denied
ls: cannot open directory '/proc/12667/ns': Permission denied
ls: cannot open directory '/proc/12667/task/12667/fd': Permission denied
ls: cannot open directory '/proc/12667/task/12667/fdinfo': Permission denied
ls: cannot open directory '/proc/12667/task/12667/ns': Permission denied
ls: cannot open directory '/proc/12667/task/12677/fd': Permission denied
ls: cannot open directory '/proc/12667/task/12677/fdinfo': Permission denied
ls: cannot open directory '/proc/12667/task/12677/ns': Permission denied
ls: cannot open directory '/proc/12667/task/12686/fd': Permission denied
ls: cannot open directory '/proc/12667/task/12686/fdinfo': Permission denied
ls: cannot open directory '/proc/12667/task/12686/ns': Permission denied
ls: cannot open directory '/proc/12667/task/12687/fd': Permission denied
ls: cannot open directory '/proc/12667/task/12687/fdinfo': Permission denied
ls: cannot open directory '/proc/12667/task/12687/ns': Permission denied
ls: cannot open directory '/proc/12667/task/12712/fd': Permission denied
ls: cannot open directory '/proc/12667/task/12712/fdinfo': Permission denied
ls: cannot open directory '/proc/12667/task/12712/ns': Permission denied
ls: cannot open directory '/proc/13/fd': Permission denied
ls: cannot open directory '/proc/13/fdinfo': Permission denied
ls: cannot open directory '/proc/13/map_files': Permission denied
ls: cannot open directory '/proc/13/ns': Permission denied
ls: cannot open directory '/proc/13/task/13/fd': Permission denied
ls: cannot open directory '/proc/13/task/13/fdinfo': Permission denied
ls: cannot open directory '/proc/13/task/13/ns': Permission denied
ls: cannot open directory '/proc/1313/fd': Permission denied
ls: cannot open directory '/proc/1313/fdinfo': Permission denied
ls: cannot open directory '/proc/1313/map_files': Permission denied
ls: cannot open directory '/proc/1313/ns': Permission denied
ls: cannot open directory '/proc/1313/task/1313/fd': Permission denied
ls: cannot open directory '/proc/1313/task/1313/fdinfo': Permission denied
ls: cannot open directory '/proc/1313/task/1313/ns': Permission denied
ls: cannot open directory '/proc/1313/task/1318/fd': Permission denied
ls: cannot open directory '/proc/1313/task/1318/fdinfo': Permission denied
ls: cannot open directory '/proc/1313/task/1318/ns': Permission denied
ls: cannot open directory '/proc/1313/task/1319/fd': Permission denied
ls: cannot open directory '/proc/1313/task/1319/fdinfo': Permission denied
ls: cannot open directory '/proc/1313/task/1319/ns': Permission denied
ls: cannot open directory '/proc/134/fd': Permission denied
ls: cannot open directory '/proc/134/fdinfo': Permission denied
ls: cannot open directory '/proc/134/map_files': Permission denied
ls: cannot open directory '/proc/134/ns': Permission denied
ls: cannot open directory '/proc/134/task/134/fd': Permission denied
ls: cannot open directory '/proc/134/task/134/fdinfo': Permission denied
ls: cannot open directory '/proc/134/task/134/ns': Permission denied
ls: cannot open directory '/proc/1345/fd': Permission denied
ls: cannot open directory '/proc/1345/fdinfo': Permission denied
ls: cannot open directory '/proc/1345/map_files': Permission denied
ls: cannot open directory '/proc/1345/ns': Permission denied
ls: cannot open directory '/proc/1345/task/1345/fd': Permission denied
ls: cannot open directory '/proc/1345/task/1345/fdinfo': Permission denied
ls: cannot open directory '/proc/1345/task/1345/ns': Permission denied
ls: cannot open directory '/proc/1345/task/1357/fd': Permission denied
ls: cannot open directory '/proc/1345/task/1357/fdinfo': Permission denied
ls: cannot open directory '/proc/1345/task/1357/ns': Permission denied
ls: cannot open directory '/proc/1345/task/1400/fd': Permission denied
ls: cannot open directory '/proc/1345/task/1400/fdinfo': Permission denied
ls: cannot open directory '/proc/1345/task/1400/ns': Permission denied
ls: cannot open directory '/proc/1345/task/1414/fd': Permission denied
ls: cannot open directory '/proc/1345/task/1414/fdinfo': Permission denied
ls: cannot open directory '/proc/1345/task/1414/ns': Permission denied
ls: cannot open directory '/proc/1345/task/1417/fd': Permission denied
ls: cannot open directory '/proc/1345/task/1417/fdinfo': Permission denied
ls: cannot open directory '/proc/1345/task/1417/ns': Permission denied
ls: cannot open directory '/proc/14/fd': Permission denied
ls: cannot open directory '/proc/14/fdinfo': Permission denied
ls: cannot open directory '/proc/14/map_files': Permission denied
ls: cannot open directory '/proc/14/ns': Permission denied
ls: cannot open directory '/proc/14/task/14/fd': Permission denied
ls: cannot open directory '/proc/14/task/14/fdinfo': Permission denied
ls: cannot open directory '/proc/14/task/14/ns': Permission denied
ls: cannot open directory '/proc/15/fd': Permission denied
ls: cannot open directory '/proc/15/fdinfo': Permission denied
ls: cannot open directory '/proc/15/map_files': Permission denied
ls: cannot open directory '/proc/15/ns': Permission denied
ls: cannot open directory '/proc/15/task/15/fd': Permission denied
ls: cannot open directory '/proc/15/task/15/fdinfo': Permission denied
ls: cannot open directory '/proc/15/task/15/ns': Permission denied
ls: cannot open directory '/proc/16/fd': Permission denied
ls: cannot open directory '/proc/16/fdinfo': Permission denied
ls: cannot open directory '/proc/16/map_files': Permission denied
ls: cannot open directory '/proc/16/ns': Permission denied
ls: cannot open directory '/proc/16/task/16/fd': Permission denied
ls: cannot open directory '/proc/16/task/16/fdinfo': Permission denied
ls: cannot open directory '/proc/16/task/16/ns': Permission denied
ls: cannot open directory '/proc/17/fd': Permission denied
ls: cannot open directory '/proc/17/fdinfo': Permission denied
ls: cannot open directory '/proc/17/map_files': Permission denied
ls: cannot open directory '/proc/17/ns': Permission denied
ls: cannot open directory '/proc/17/task/17/fd': Permission denied
ls: cannot open directory '/proc/17/task/17/fdinfo': Permission denied
ls: cannot open directory '/proc/17/task/17/ns': Permission denied
ls: cannot open directory '/proc/1717/fd': Permission denied
ls: cannot open directory '/proc/1717/fdinfo': Permission denied
ls: cannot open directory '/proc/1717/map_files': Permission denied
ls: cannot open directory '/proc/1717/ns': Permission denied
ls: cannot open directory '/proc/1717/task/1717/fd': Permission denied
ls: cannot open directory '/proc/1717/task/1717/fdinfo': Permission denied
ls: cannot open directory '/proc/1717/task/1717/ns': Permission denied
ls: cannot open directory '/proc/17323/fd': Permission denied
ls: cannot open directory '/proc/17323/fdinfo': Permission denied
ls: cannot open directory '/proc/17323/map_files': Permission denied
ls: cannot open directory '/proc/17323/ns': Permission denied
ls: cannot open directory '/proc/17323/task/17323/fd': Permission denied
ls: cannot open directory '/proc/17323/task/17323/fdinfo': Permission denied
ls: cannot open directory '/proc/17323/task/17323/ns': Permission denied
ls: cannot open directory '/proc/17379/fd': Permission denied
ls: cannot open directory '/proc/17379/fdinfo': Permission denied
ls: cannot open directory '/proc/17379/map_files': Permission denied
ls: cannot open directory '/proc/17379/ns': Permission denied
ls: cannot open directory '/proc/17379/task/17379/fd': Permission denied
ls: cannot open directory '/proc/17379/task/17379/fdinfo': Permission denied
ls: cannot open directory '/proc/17379/task/17379/ns': Permission denied
ls: cannot open directory '/proc/18/fd': Permission denied
ls: cannot open directory '/proc/18/fdinfo': Permission denied
ls: cannot open directory '/proc/18/map_files': Permission denied
ls: cannot open directory '/proc/18/ns': Permission denied
ls: cannot open directory '/proc/18/task/18/fd': Permission denied
ls: cannot open directory '/proc/18/task/18/fdinfo': Permission denied
ls: cannot open directory '/proc/18/task/18/ns': Permission denied
ls: cannot open directory '/proc/183/fd': Permission denied
ls: cannot open directory '/proc/183/fdinfo': Permission denied
ls: cannot open directory '/proc/183/map_files': Permission denied
ls: cannot open directory '/proc/183/ns': Permission denied
ls: cannot open directory '/proc/183/task/183/fd': Permission denied
ls: cannot open directory '/proc/183/task/183/fdinfo': Permission denied
ls: cannot open directory '/proc/183/task/183/ns': Permission denied
ls: cannot open directory '/proc/184/fd': Permission denied
ls: cannot open directory '/proc/184/fdinfo': Permission denied
ls: cannot open directory '/proc/184/map_files': Permission denied
ls: cannot open directory '/proc/184/ns': Permission denied
ls: cannot open directory '/proc/184/task/184/fd': Permission denied
ls: cannot open directory '/proc/184/task/184/fdinfo': Permission denied
ls: cannot open directory '/proc/184/task/184/ns': Permission denied
ls: cannot open directory '/proc/186/fd': Permission denied
ls: cannot open directory '/proc/186/fdinfo': Permission denied
ls: cannot open directory '/proc/186/map_files': Permission denied
ls: cannot open directory '/proc/186/ns': Permission denied
ls: cannot open directory '/proc/186/task/186/fd': Permission denied
ls: cannot open directory '/proc/186/task/186/fdinfo': Permission denied
ls: cannot open directory '/proc/186/task/186/ns': Permission denied
ls: cannot open directory '/proc/188/fd': Permission denied
ls: cannot open directory '/proc/188/fdinfo': Permission denied
ls: cannot open directory '/proc/188/map_files': Permission denied
ls: cannot open directory '/proc/188/ns': Permission denied
ls: cannot open directory '/proc/188/task/188/fd': Permission denied
ls: cannot open directory '/proc/188/task/188/fdinfo': Permission denied
ls: cannot open directory '/proc/188/task/188/ns': Permission denied
ls: cannot open directory '/proc/189/fd': Permission denied
ls: cannot open directory '/proc/189/fdinfo': Permission denied
ls: cannot open directory '/proc/189/map_files': Permission denied
ls: cannot open directory '/proc/189/ns': Permission denied
ls: cannot open directory '/proc/189/task/189/fd': Permission denied
ls: cannot open directory '/proc/189/task/189/fdinfo': Permission denied
ls: cannot open directory '/proc/189/task/189/ns': Permission denied
ls: cannot open directory '/proc/191/fd': Permission denied
ls: cannot open directory '/proc/191/fdinfo': Permission denied
ls: cannot open directory '/proc/191/map_files': Permission denied
ls: cannot open directory '/proc/191/ns': Permission denied
ls: cannot open directory '/proc/191/task/191/fd': Permission denied
ls: cannot open directory '/proc/191/task/191/fdinfo': Permission denied
ls: cannot open directory '/proc/191/task/191/ns': Permission denied
ls: cannot open directory '/proc/192/fd': Permission denied
ls: cannot open directory '/proc/192/fdinfo': Permission denied
ls: cannot open directory '/proc/192/map_files': Permission denied
ls: cannot open directory '/proc/192/ns': Permission denied
ls: cannot open directory '/proc/192/task/192/fd': Permission denied
ls: cannot open directory '/proc/192/task/192/fdinfo': Permission denied
ls: cannot open directory '/proc/192/task/192/ns': Permission denied
ls: cannot open directory '/proc/199/fd': Permission denied
ls: cannot open directory '/proc/199/fdinfo': Permission denied
ls: cannot open directory '/proc/199/map_files': Permission denied
ls: cannot open directory '/proc/199/ns': Permission denied
ls: cannot open directory '/proc/199/task/199/fd': Permission denied
ls: cannot open directory '/proc/199/task/199/fdinfo': Permission denied
ls: cannot open directory '/proc/199/task/199/ns': Permission denied
ls: cannot open directory '/proc/2/fd': Permission denied
ls: cannot open directory '/proc/2/fdinfo': Permission denied
ls: cannot open directory '/proc/2/map_files': Permission denied
ls: cannot open directory '/proc/2/ns': Permission denied
ls: cannot open directory '/proc/2/task/2/fd': Permission denied
ls: cannot open directory '/proc/2/task/2/fdinfo': Permission denied
ls: cannot open directory '/proc/2/task/2/ns': Permission denied
ls: cannot open directory '/proc/20/fd': Permission denied
ls: cannot open directory '/proc/20/fdinfo': Permission denied
ls: cannot open directory '/proc/20/map_files': Permission denied
ls: cannot open directory '/proc/20/ns': Permission denied
ls: cannot open directory '/proc/20/task/20/fd': Permission denied
ls: cannot open directory '/proc/20/task/20/fdinfo': Permission denied
ls: cannot open directory '/proc/20/task/20/ns': Permission denied
ls: cannot open directory '/proc/20130/fd': Permission denied
ls: cannot open directory '/proc/20130/fdinfo': Permission denied
ls: cannot open directory '/proc/20130/map_files': Permission denied
ls: cannot open directory '/proc/20130/ns': Permission denied
ls: cannot open directory '/proc/20130/task/20130/fd': Permission denied
ls: cannot open directory '/proc/20130/task/20130/fdinfo': Permission denied
ls: cannot open directory '/proc/20130/task/20130/ns': Permission denied
ls: cannot open directory '/proc/20326/fd': Permission denied
ls: cannot open directory '/proc/20326/fdinfo': Permission denied
ls: cannot open directory '/proc/20326/map_files': Permission denied
ls: cannot open directory '/proc/20326/ns': Permission denied
ls: cannot open directory '/proc/20326/task/20326/fd': Permission denied
ls: cannot open directory '/proc/20326/task/20326/fdinfo': Permission denied
ls: cannot open directory '/proc/20326/task/20326/ns': Permission denied
ls: cannot open directory '/proc/20335/fd': Permission denied
ls: cannot open directory '/proc/20335/fdinfo': Permission denied
ls: cannot open directory '/proc/20335/map_files': Permission denied
ls: cannot open directory '/proc/20335/ns': Permission denied
ls: cannot open directory '/proc/20335/task/20335/fd': Permission denied
ls: cannot open directory '/proc/20335/task/20335/fdinfo': Permission denied
ls: cannot open directory '/proc/20335/task/20335/ns': Permission denied
ls: cannot open directory '/proc/20376/fd': Permission denied
ls: cannot open directory '/proc/20376/fdinfo': Permission denied
ls: cannot open directory '/proc/20376/map_files': Permission denied
ls: cannot open directory '/proc/20376/ns': Permission denied
ls: cannot open directory '/proc/20376/task/20376/fd': Permission denied
ls: cannot open directory '/proc/20376/task/20376/fdinfo': Permission denied
ls: cannot open directory '/proc/20376/task/20376/ns': Permission denied
ls: cannot open directory '/proc/20429/fd': Permission denied
ls: cannot open directory '/proc/20429/fdinfo': Permission denied
ls: cannot open directory '/proc/20429/map_files': Permission denied
ls: cannot open directory '/proc/20429/ns': Permission denied
ls: cannot open directory '/proc/20429/task/20429/fd': Permission denied
ls: cannot open directory '/proc/20429/task/20429/fdinfo': Permission denied
ls: cannot open directory '/proc/20429/task/20429/ns': Permission denied
ls: cannot open directory '/proc/20430/fd': Permission denied
ls: cannot open directory '/proc/20430/fdinfo': Permission denied
ls: cannot open directory '/proc/20430/map_files': Permission denied
ls: cannot open directory '/proc/20430/ns': Permission denied
ls: cannot open directory '/proc/20430/task/20430/fd': Permission denied
ls: cannot open directory '/proc/20430/task/20430/fdinfo': Permission denied
ls: cannot open directory '/proc/20430/task/20430/ns': Permission denied
ls: cannot open directory '/proc/20430/task/20451/fd': Permission denied
ls: cannot open directory '/proc/20430/task/20451/fdinfo': Permission denied
ls: cannot open directory '/proc/20430/task/20451/ns': Permission denied
ls: cannot open directory '/proc/20430/task/20452/fd': Permission denied
ls: cannot open directory '/proc/20430/task/20452/fdinfo': Permission denied
ls: cannot open directory '/proc/20430/task/20452/ns': Permission denied
ls: cannot open directory '/proc/20433/fd': Permission denied
ls: cannot open directory '/proc/20433/fdinfo': Permission denied
ls: cannot open directory '/proc/20433/map_files': Permission denied
ls: cannot open directory '/proc/20433/ns': Permission denied
ls: cannot open directory '/proc/20433/task/20433/fd': Permission denied
ls: cannot open directory '/proc/20433/task/20433/fdinfo': Permission denied
ls: cannot open directory '/proc/20433/task/20433/ns': Permission denied
ls: cannot open directory '/proc/21/fd': Permission denied
ls: cannot open directory '/proc/21/fdinfo': Permission denied
ls: cannot open directory '/proc/21/map_files': Permission denied
ls: cannot open directory '/proc/21/ns': Permission denied
ls: cannot open directory '/proc/21/task/21/fd': Permission denied
ls: cannot open directory '/proc/21/task/21/fdinfo': Permission denied
ls: cannot open directory '/proc/21/task/21/ns': Permission denied
ls: cannot open directory '/proc/213/fd': Permission denied
ls: cannot open directory '/proc/213/fdinfo': Permission denied
ls: cannot open directory '/proc/213/map_files': Permission denied
ls: cannot open directory '/proc/213/ns': Permission denied
ls: cannot open directory '/proc/213/task/213/fd': Permission denied
ls: cannot open directory '/proc/213/task/213/fdinfo': Permission denied
ls: cannot open directory '/proc/213/task/213/ns': Permission denied
ls: cannot open directory '/proc/214/fd': Permission denied
ls: cannot open directory '/proc/214/fdinfo': Permission denied
ls: cannot open directory '/proc/214/map_files': Permission denied
ls: cannot open directory '/proc/214/ns': Permission denied
ls: cannot open directory '/proc/214/task/214/fd': Permission denied
ls: cannot open directory '/proc/214/task/214/fdinfo': Permission denied
ls: cannot open directory '/proc/214/task/214/ns': Permission denied
ls: cannot open directory '/proc/215/fd': Permission denied
ls: cannot open directory '/proc/215/fdinfo': Permission denied
ls: cannot open directory '/proc/215/map_files': Permission denied
ls: cannot open directory '/proc/215/ns': Permission denied
ls: cannot open directory '/proc/215/task/215/fd': Permission denied
ls: cannot open directory '/proc/215/task/215/fdinfo': Permission denied
ls: cannot open directory '/proc/215/task/215/ns': Permission denied
ls: cannot open directory '/proc/219/fd': Permission denied
ls: cannot open directory '/proc/219/fdinfo': Permission denied
ls: cannot open directory '/proc/219/map_files': Permission denied
ls: cannot open directory '/proc/219/ns': Permission denied
ls: cannot open directory '/proc/219/task/219/fd': Permission denied
ls: cannot open directory '/proc/219/task/219/fdinfo': Permission denied
ls: cannot open directory '/proc/219/task/219/ns': Permission denied
ls: cannot open directory '/proc/22/fd': Permission denied
ls: cannot open directory '/proc/22/fdinfo': Permission denied
ls: cannot open directory '/proc/22/map_files': Permission denied
ls: cannot open directory '/proc/22/ns': Permission denied
ls: cannot open directory '/proc/22/task/22/fd': Permission denied
ls: cannot open directory '/proc/22/task/22/fdinfo': Permission denied
ls: cannot open directory '/proc/22/task/22/ns': Permission denied
ls: cannot open directory '/proc/23/fd': Permission denied
ls: cannot open directory '/proc/23/fdinfo': Permission denied
ls: cannot open directory '/proc/23/map_files': Permission denied
ls: cannot open directory '/proc/23/ns': Permission denied
ls: cannot open directory '/proc/23/task/23/fd': Permission denied
ls: cannot open directory '/proc/23/task/23/fdinfo': Permission denied
ls: cannot open directory '/proc/23/task/23/ns': Permission denied
ls: cannot open directory '/proc/23637/fd': Permission denied
ls: cannot open directory '/proc/23637/fdinfo': Permission denied
ls: cannot open directory '/proc/23637/map_files': Permission denied
ls: cannot open directory '/proc/23637/ns': Permission denied
ls: cannot open directory '/proc/23637/task/23637/fd': Permission denied
ls: cannot open directory '/proc/23637/task/23637/fdinfo': Permission denied
ls: cannot open directory '/proc/23637/task/23637/ns': Permission denied
ls: cannot open directory '/proc/23638/fd': Permission denied
ls: cannot open directory '/proc/23638/fdinfo': Permission denied
ls: cannot open directory '/proc/23638/map_files': Permission denied
ls: cannot open directory '/proc/23638/ns': Permission denied
ls: cannot open directory '/proc/23638/task/23638/fd': Permission denied
ls: cannot open directory '/proc/23638/task/23638/fdinfo': Permission denied
ls: cannot open directory '/proc/23638/task/23638/ns': Permission denied
ls: cannot open directory '/proc/24/fd': Permission denied
ls: cannot open directory '/proc/24/fdinfo': Permission denied
ls: cannot open directory '/proc/24/map_files': Permission denied
ls: cannot open directory '/proc/24/ns': Permission denied
ls: cannot open directory '/proc/24/task/24/fd': Permission denied
ls: cannot open directory '/proc/24/task/24/fdinfo': Permission denied
ls: cannot open directory '/proc/24/task/24/ns': Permission denied
ls: cannot open directory '/proc/24043/fd': Permission denied
ls: cannot open directory '/proc/24043/fdinfo': Permission denied
ls: cannot open directory '/proc/24043/map_files': Permission denied
ls: cannot open directory '/proc/24043/ns': Permission denied
ls: cannot open directory '/proc/24043/task/24043/fd': Permission denied
ls: cannot open directory '/proc/24043/task/24043/fdinfo': Permission denied
ls: cannot open directory '/proc/24043/task/24043/ns': Permission denied
ls: cannot open directory '/proc/24964/fd': Permission denied
ls: cannot open directory '/proc/24964/fdinfo': Permission denied
ls: cannot open directory '/proc/24964/map_files': Permission denied
ls: cannot open directory '/proc/24964/ns': Permission denied
ls: cannot open directory '/proc/24964/task/24964/fd': Permission denied
ls: cannot open directory '/proc/24964/task/24964/fdinfo': Permission denied
ls: cannot open directory '/proc/24964/task/24964/ns': Permission denied
ls: cannot open directory '/proc/25620/fd': Permission denied
ls: cannot open directory '/proc/25620/fdinfo': Permission denied
ls: cannot open directory '/proc/25620/map_files': Permission denied
ls: cannot open directory '/proc/25620/ns': Permission denied
ls: cannot open directory '/proc/25620/task/25620/fd': Permission denied
ls: cannot open directory '/proc/25620/task/25620/fdinfo': Permission denied
ls: cannot open directory '/proc/25620/task/25620/ns': Permission denied
ls: cannot open directory '/proc/25654/fd': Permission denied
ls: cannot open directory '/proc/25654/fdinfo': Permission denied
ls: cannot open directory '/proc/25654/map_files': Permission denied
ls: cannot open directory '/proc/25654/ns': Permission denied
ls: cannot open directory '/proc/25654/task/25654/fd': Permission denied
ls: cannot open directory '/proc/25654/task/25654/fdinfo': Permission denied
ls: cannot open directory '/proc/25654/task/25654/ns': Permission denied
ls: cannot open directory '/proc/258/fd': Permission denied
ls: cannot open directory '/proc/258/fdinfo': Permission denied
ls: cannot open directory '/proc/258/map_files': Permission denied
ls: cannot open directory '/proc/258/ns': Permission denied
ls: cannot open directory '/proc/258/task/258/fd': Permission denied
ls: cannot open directory '/proc/258/task/258/fdinfo': Permission denied
ls: cannot open directory '/proc/258/task/258/ns': Permission denied
ls: cannot open directory '/proc/25864/fd': Permission denied
ls: cannot open directory '/proc/25864/fdinfo': Permission denied
ls: cannot open directory '/proc/25864/map_files': Permission denied
ls: cannot open directory '/proc/25864/ns': Permission denied
ls: cannot open directory '/proc/25864/task/25864/fd': Permission denied
ls: cannot open directory '/proc/25864/task/25864/fdinfo': Permission denied
ls: cannot open directory '/proc/25864/task/25864/ns': Permission denied
ls: cannot open directory '/proc/259/fd': Permission denied
ls: cannot open directory '/proc/259/fdinfo': Permission denied
ls: cannot open directory '/proc/259/map_files': Permission denied
ls: cannot open directory '/proc/259/ns': Permission denied
ls: cannot open directory '/proc/259/task/259/fd': Permission denied
ls: cannot open directory '/proc/259/task/259/fdinfo': Permission denied
ls: cannot open directory '/proc/259/task/259/ns': Permission denied
ls: cannot open directory '/proc/26/fd': Permission denied
ls: cannot open directory '/proc/26/fdinfo': Permission denied
ls: cannot open directory '/proc/26/map_files': Permission denied
ls: cannot open directory '/proc/26/ns': Permission denied
ls: cannot open directory '/proc/26/task/26/fd': Permission denied
ls: cannot open directory '/proc/26/task/26/fdinfo': Permission denied
ls: cannot open directory '/proc/26/task/26/ns': Permission denied
ls: cannot open directory '/proc/26012/fd': Permission denied
ls: cannot open directory '/proc/26012/fdinfo': Permission denied
ls: cannot open directory '/proc/26012/map_files': Permission denied
ls: cannot open directory '/proc/26012/ns': Permission denied
ls: cannot open directory '/proc/26012/task/26012/fd': Permission denied
ls: cannot open directory '/proc/26012/task/26012/fdinfo': Permission denied
ls: cannot open directory '/proc/26012/task/26012/ns': Permission denied
ls: cannot open directory '/proc/26135/fd': Permission denied
ls: cannot open directory '/proc/26135/fdinfo': Permission denied
ls: cannot open directory '/proc/26135/map_files': Permission denied
ls: cannot open directory '/proc/26135/ns': Permission denied
ls: cannot open directory '/proc/26135/task/26135/fd': Permission denied
ls: cannot open directory '/proc/26135/task/26135/fdinfo': Permission denied
ls: cannot open directory '/proc/26135/task/26135/ns': Permission denied
ls: cannot open directory '/proc/26136/fd': Permission denied
ls: cannot open directory '/proc/26136/fdinfo': Permission denied
ls: cannot open directory '/proc/26136/map_files': Permission denied
ls: cannot open directory '/proc/26136/ns': Permission denied
ls: cannot open directory '/proc/26136/task/26136/fd': Permission denied
ls: cannot open directory '/proc/26136/task/26136/fdinfo': Permission denied
ls: cannot open directory '/proc/26136/task/26136/ns': Permission denied
ls: cannot open directory '/proc/26230/fd': Permission denied
ls: cannot open directory '/proc/26230/fdinfo': Permission denied
ls: cannot open directory '/proc/26230/map_files': Permission denied
ls: cannot open directory '/proc/26230/ns': Permission denied
ls: cannot open directory '/proc/26230/task/26230/fd': Permission denied
ls: cannot open directory '/proc/26230/task/26230/fdinfo': Permission denied
ls: cannot open directory '/proc/26230/task/26230/ns': Permission denied
ls: cannot open directory '/proc/26283/fd': Permission denied
ls: cannot open directory '/proc/26283/fdinfo': Permission denied
ls: cannot open directory '/proc/26283/map_files': Permission denied
ls: cannot open directory '/proc/26283/ns': Permission denied
ls: cannot open directory '/proc/26283/task/26283/fd': Permission denied
ls: cannot open directory '/proc/26283/task/26283/fdinfo': Permission denied
ls: cannot open directory '/proc/26283/task/26283/ns': Permission denied
ls: cannot open directory '/proc/27/fd': Permission denied
ls: cannot open directory '/proc/27/fdinfo': Permission denied
ls: cannot open directory '/proc/27/map_files': Permission denied
ls: cannot open directory '/proc/27/ns': Permission denied
ls: cannot open directory '/proc/27/task/27/fd': Permission denied
ls: cannot open directory '/proc/27/task/27/fdinfo': Permission denied
ls: cannot open directory '/proc/27/task/27/ns': Permission denied
ls: cannot open directory '/proc/28/fd': Permission denied
ls: cannot open directory '/proc/28/fdinfo': Permission denied
ls: cannot open directory '/proc/28/map_files': Permission denied
ls: cannot open directory '/proc/28/ns': Permission denied
ls: cannot open directory '/proc/28/task/28/fd': Permission denied
ls: cannot open directory '/proc/28/task/28/fdinfo': Permission denied
ls: cannot open directory '/proc/28/task/28/ns': Permission denied
ls: cannot open directory '/proc/29/fd': Permission denied
ls: cannot open directory '/proc/29/fdinfo': Permission denied
ls: cannot open directory '/proc/29/map_files': Permission denied
ls: cannot open directory '/proc/29/ns': Permission denied
ls: cannot open directory '/proc/29/task/29/fd': Permission denied
ls: cannot open directory '/proc/29/task/29/fdinfo': Permission denied
ls: cannot open directory '/proc/29/task/29/ns': Permission denied
ls: cannot open directory '/proc/3/fd': Permission denied
ls: cannot open directory '/proc/3/fdinfo': Permission denied
ls: cannot open directory '/proc/3/map_files': Permission denied
ls: cannot open directory '/proc/3/ns': Permission denied
ls: cannot open directory '/proc/3/task/3/fd': Permission denied
ls: cannot open directory '/proc/3/task/3/fdinfo': Permission denied
ls: cannot open directory '/proc/3/task/3/ns': Permission denied
ls: cannot open directory '/proc/30/fd': Permission denied
ls: cannot open directory '/proc/30/fdinfo': Permission denied
ls: cannot open directory '/proc/30/map_files': Permission denied
ls: cannot open directory '/proc/30/ns': Permission denied
ls: cannot open directory '/proc/30/task/30/fd': Permission denied
ls: cannot open directory '/proc/30/task/30/fdinfo': Permission denied
ls: cannot open directory '/proc/30/task/30/ns': Permission denied
ls: cannot open directory '/proc/301/fd': Permission denied
ls: cannot open directory '/proc/301/fdinfo': Permission denied
ls: cannot open directory '/proc/301/map_files': Permission denied
ls: cannot open directory '/proc/301/ns': Permission denied
ls: cannot open directory '/proc/301/task/301/fd': Permission denied
ls: cannot open directory '/proc/301/task/301/fdinfo': Permission denied
ls: cannot open directory '/proc/301/task/301/ns': Permission denied
ls: cannot open directory '/proc/32/fd': Permission denied
ls: cannot open directory '/proc/32/fdinfo': Permission denied
ls: cannot open directory '/proc/32/map_files': Permission denied
ls: cannot open directory '/proc/32/ns': Permission denied
ls: cannot open directory '/proc/32/task/32/fd': Permission denied
ls: cannot open directory '/proc/32/task/32/fdinfo': Permission denied
ls: cannot open directory '/proc/32/task/32/ns': Permission denied
ls: cannot open directory '/proc/322/fd': Permission denied
ls: cannot open directory '/proc/322/fdinfo': Permission denied
ls: cannot open directory '/proc/322/map_files': Permission denied
ls: cannot open directory '/proc/322/ns': Permission denied
ls: cannot open directory '/proc/322/task/322/fd': Permission denied
ls: cannot open directory '/proc/322/task/322/fdinfo': Permission denied
ls: cannot open directory '/proc/322/task/322/ns': Permission denied
ls: cannot open directory '/proc/328/fd': Permission denied
ls: cannot open directory '/proc/328/fdinfo': Permission denied
ls: cannot open directory '/proc/328/map_files': Permission denied
ls: cannot open directory '/proc/328/ns': Permission denied
ls: cannot open directory '/proc/328/task/328/fd': Permission denied
ls: cannot open directory '/proc/328/task/328/fdinfo': Permission denied
ls: cannot open directory '/proc/328/task/328/ns': Permission denied
ls: cannot open directory '/proc/33/fd': Permission denied
ls: cannot open directory '/proc/33/fdinfo': Permission denied
ls: cannot open directory '/proc/33/map_files': Permission denied
ls: cannot open directory '/proc/33/ns': Permission denied
ls: cannot open directory '/proc/33/task/33/fd': Permission denied
ls: cannot open directory '/proc/33/task/33/fdinfo': Permission denied
ls: cannot open directory '/proc/33/task/33/ns': Permission denied
ls: cannot open directory '/proc/336/fd': Permission denied
ls: cannot open directory '/proc/336/fdinfo': Permission denied
ls: cannot open directory '/proc/336/map_files': Permission denied
ls: cannot open directory '/proc/336/ns': Permission denied
ls: cannot open directory '/proc/336/task/336/fd': Permission denied
ls: cannot open directory '/proc/336/task/336/fdinfo': Permission denied
ls: cannot open directory '/proc/336/task/336/ns': Permission denied
ls: cannot open directory '/proc/34/fd': Permission denied
ls: cannot open directory '/proc/34/fdinfo': Permission denied
ls: cannot open directory '/proc/34/map_files': Permission denied
ls: cannot open directory '/proc/34/ns': Permission denied
ls: cannot open directory '/proc/34/task/34/fd': Permission denied
ls: cannot open directory '/proc/34/task/34/fdinfo': Permission denied
ls: cannot open directory '/proc/34/task/34/ns': Permission denied
ls: cannot open directory '/proc/345/fd': Permission denied
ls: cannot open directory '/proc/345/fdinfo': Permission denied
ls: cannot open directory '/proc/345/map_files': Permission denied
ls: cannot open directory '/proc/345/ns': Permission denied
ls: cannot open directory '/proc/345/task/345/fd': Permission denied
ls: cannot open directory '/proc/345/task/345/fdinfo': Permission denied
ls: cannot open directory '/proc/345/task/345/ns': Permission denied
ls: cannot open directory '/proc/35/fd': Permission denied
ls: cannot open directory '/proc/35/fdinfo': Permission denied
ls: cannot open directory '/proc/35/map_files': Permission denied
ls: cannot open directory '/proc/35/ns': Permission denied
ls: cannot open directory '/proc/35/task/35/fd': Permission denied
ls: cannot open directory '/proc/35/task/35/fdinfo': Permission denied
ls: cannot open directory '/proc/35/task/35/ns': Permission denied
ls: cannot open directory '/proc/351/fd': Permission denied
ls: cannot open directory '/proc/351/fdinfo': Permission denied
ls: cannot open directory '/proc/351/map_files': Permission denied
ls: cannot open directory '/proc/351/ns': Permission denied
ls: cannot open directory '/proc/351/task/351/fd': Permission denied
ls: cannot open directory '/proc/351/task/351/fdinfo': Permission denied
ls: cannot open directory '/proc/351/task/351/ns': Permission denied
ls: cannot open directory '/proc/352/fd': Permission denied
ls: cannot open directory '/proc/352/fdinfo': Permission denied
ls: cannot open directory '/proc/352/map_files': Permission denied
ls: cannot open directory '/proc/352/ns': Permission denied
ls: cannot open directory '/proc/352/task/352/fd': Permission denied
ls: cannot open directory '/proc/352/task/352/fdinfo': Permission denied
ls: cannot open directory '/proc/352/task/352/ns': Permission denied
ls: cannot open directory '/proc/357/fd': Permission denied
ls: cannot open directory '/proc/357/fdinfo': Permission denied
ls: cannot open directory '/proc/357/map_files': Permission denied
ls: cannot open directory '/proc/357/ns': Permission denied
ls: cannot open directory '/proc/357/task/357/fd': Permission denied
ls: cannot open directory '/proc/357/task/357/fdinfo': Permission denied
ls: cannot open directory '/proc/357/task/357/ns': Permission denied
ls: cannot open directory '/proc/358/fd': Permission denied
ls: cannot open directory '/proc/358/fdinfo': Permission denied
ls: cannot open directory '/proc/358/map_files': Permission denied
ls: cannot open directory '/proc/358/ns': Permission denied
ls: cannot open directory '/proc/358/task/358/fd': Permission denied
ls: cannot open directory '/proc/358/task/358/fdinfo': Permission denied
ls: cannot open directory '/proc/358/task/358/ns': Permission denied
ls: cannot open directory '/proc/359/fd': Permission denied
ls: cannot open directory '/proc/359/fdinfo': Permission denied
ls: cannot open directory '/proc/359/map_files': Permission denied
ls: cannot open directory '/proc/359/ns': Permission denied
ls: cannot open directory '/proc/359/task/359/fd': Permission denied
ls: cannot open directory '/proc/359/task/359/fdinfo': Permission denied
ls: cannot open directory '/proc/359/task/359/ns': Permission denied
ls: cannot open directory '/proc/36/fd': Permission denied
ls: cannot open directory '/proc/36/fdinfo': Permission denied
ls: cannot open directory '/proc/36/map_files': Permission denied
ls: cannot open directory '/proc/36/ns': Permission denied
ls: cannot open directory '/proc/36/task/36/fd': Permission denied
ls: cannot open directory '/proc/36/task/36/fdinfo': Permission denied
ls: cannot open directory '/proc/36/task/36/ns': Permission denied
ls: cannot open directory '/proc/37/fd': Permission denied
ls: cannot open directory '/proc/37/fdinfo': Permission denied
ls: cannot open directory '/proc/37/map_files': Permission denied
ls: cannot open directory '/proc/37/ns': Permission denied
ls: cannot open directory '/proc/37/task/37/fd': Permission denied
ls: cannot open directory '/proc/37/task/37/fdinfo': Permission denied
ls: cannot open directory '/proc/37/task/37/ns': Permission denied
ls: cannot open directory '/proc/38/fd': Permission denied
ls: cannot open directory '/proc/38/fdinfo': Permission denied
ls: cannot open directory '/proc/38/map_files': Permission denied
ls: cannot open directory '/proc/38/ns': Permission denied
ls: cannot open directory '/proc/38/task/38/fd': Permission denied
ls: cannot open directory '/proc/38/task/38/fdinfo': Permission denied
ls: cannot open directory '/proc/38/task/38/ns': Permission denied
ls: cannot open directory '/proc/388/fd': Permission denied
ls: cannot open directory '/proc/388/fdinfo': Permission denied
ls: cannot open directory '/proc/388/map_files': Permission denied
ls: cannot open directory '/proc/388/ns': Permission denied
ls: cannot open directory '/proc/388/task/388/fd': Permission denied
ls: cannot open directory '/proc/388/task/388/fdinfo': Permission denied
ls: cannot open directory '/proc/388/task/388/ns': Permission denied
ls: cannot open directory '/proc/389/fd': Permission denied
ls: cannot open directory '/proc/389/fdinfo': Permission denied
ls: cannot open directory '/proc/389/map_files': Permission denied
ls: cannot open directory '/proc/389/ns': Permission denied
ls: cannot open directory '/proc/389/task/389/fd': Permission denied
ls: cannot open directory '/proc/389/task/389/fdinfo': Permission denied
ls: cannot open directory '/proc/389/task/389/ns': Permission denied
ls: cannot open directory '/proc/4/fd': Permission denied
ls: cannot open directory '/proc/4/fdinfo': Permission denied
ls: cannot open directory '/proc/4/map_files': Permission denied
ls: cannot open directory '/proc/4/ns': Permission denied
ls: cannot open directory '/proc/4/task/4/fd': Permission denied
ls: cannot open directory '/proc/4/task/4/fdinfo': Permission denied
ls: cannot open directory '/proc/4/task/4/ns': Permission denied
ls: cannot open directory '/proc/41/fd': Permission denied
ls: cannot open directory '/proc/41/fdinfo': Permission denied
ls: cannot open directory '/proc/41/map_files': Permission denied
ls: cannot open directory '/proc/41/ns': Permission denied
ls: cannot open directory '/proc/41/task/41/fd': Permission denied
ls: cannot open directory '/proc/41/task/41/fdinfo': Permission denied
ls: cannot open directory '/proc/41/task/41/ns': Permission denied
ls: cannot open directory '/proc/42/fd': Permission denied
ls: cannot open directory '/proc/42/fdinfo': Permission denied
ls: cannot open directory '/proc/42/map_files': Permission denied
ls: cannot open directory '/proc/42/ns': Permission denied
ls: cannot open directory '/proc/42/task/42/fd': Permission denied
ls: cannot open directory '/proc/42/task/42/fdinfo': Permission denied
ls: cannot open directory '/proc/42/task/42/ns': Permission denied
ls: cannot open directory '/proc/429/fd': Permission denied
ls: cannot open directory '/proc/429/fdinfo': Permission denied
ls: cannot open directory '/proc/429/map_files': Permission denied
ls: cannot open directory '/proc/429/ns': Permission denied
ls: cannot open directory '/proc/429/task/429/fd': Permission denied
ls: cannot open directory '/proc/429/task/429/fdinfo': Permission denied
ls: cannot open directory '/proc/429/task/429/ns': Permission denied
ls: cannot open directory '/proc/43/fd': Permission denied
ls: cannot open directory '/proc/43/fdinfo': Permission denied
ls: cannot open directory '/proc/43/map_files': Permission denied
ls: cannot open directory '/proc/43/ns': Permission denied
ls: cannot open directory '/proc/43/task/43/fd': Permission denied
ls: cannot open directory '/proc/43/task/43/fdinfo': Permission denied
ls: cannot open directory '/proc/43/task/43/ns': Permission denied
ls: cannot open directory '/proc/430/fd': Permission denied
ls: cannot open directory '/proc/430/fdinfo': Permission denied
ls: cannot open directory '/proc/430/map_files': Permission denied
ls: cannot open directory '/proc/430/ns': Permission denied
ls: cannot open directory '/proc/430/task/430/fd': Permission denied
ls: cannot open directory '/proc/430/task/430/fdinfo': Permission denied
ls: cannot open directory '/proc/430/task/430/ns': Permission denied
ls: cannot open directory '/proc/433/fd': Permission denied
ls: cannot open directory '/proc/433/fdinfo': Permission denied
ls: cannot open directory '/proc/433/map_files': Permission denied
ls: cannot open directory '/proc/433/ns': Permission denied
ls: cannot open directory '/proc/433/task/433/fd': Permission denied
ls: cannot open directory '/proc/433/task/433/fdinfo': Permission denied
ls: cannot open directory '/proc/433/task/433/ns': Permission denied
ls: cannot open directory '/proc/44/fd': Permission denied
ls: cannot open directory '/proc/44/fdinfo': Permission denied
ls: cannot open directory '/proc/44/map_files': Permission denied
ls: cannot open directory '/proc/44/ns': Permission denied
ls: cannot open directory '/proc/44/task/44/fd': Permission denied
ls: cannot open directory '/proc/44/task/44/fdinfo': Permission denied
ls: cannot open directory '/proc/44/task/44/ns': Permission denied
ls: cannot open directory '/proc/45/fd': Permission denied
ls: cannot open directory '/proc/45/fdinfo': Permission denied
ls: cannot open directory '/proc/45/map_files': Permission denied
ls: cannot open directory '/proc/45/ns': Permission denied
ls: cannot open directory '/proc/45/task/45/fd': Permission denied
ls: cannot open directory '/proc/45/task/45/fdinfo': Permission denied
ls: cannot open directory '/proc/45/task/45/ns': Permission denied
ls: cannot open directory '/proc/46/fd': Permission denied
ls: cannot open directory '/proc/46/fdinfo': Permission denied
ls: cannot open directory '/proc/46/map_files': Permission denied
ls: cannot open directory '/proc/46/ns': Permission denied
ls: cannot open directory '/proc/46/task/46/fd': Permission denied
ls: cannot open directory '/proc/46/task/46/fdinfo': Permission denied
ls: cannot open directory '/proc/46/task/46/ns': Permission denied
ls: cannot open directory '/proc/5793/fd': Permission denied
ls: cannot open directory '/proc/5793/fdinfo': Permission denied
ls: cannot open directory '/proc/5793/map_files': Permission denied
ls: cannot open directory '/proc/5793/ns': Permission denied
ls: cannot open directory '/proc/5793/task/5793/fd': Permission denied
ls: cannot open directory '/proc/5793/task/5793/fdinfo': Permission denied
ls: cannot open directory '/proc/5793/task/5793/ns': Permission denied
ls: cannot open directory '/proc/6/fd': Permission denied
ls: cannot open directory '/proc/6/fdinfo': Permission denied
ls: cannot open directory '/proc/6/map_files': Permission denied
ls: cannot open directory '/proc/6/ns': Permission denied
ls: cannot open directory '/proc/6/task/6/fd': Permission denied
ls: cannot open directory '/proc/6/task/6/fdinfo': Permission denied
ls: cannot open directory '/proc/6/task/6/ns': Permission denied
ls: cannot open directory '/proc/708/fd': Permission denied
ls: cannot open directory '/proc/708/fdinfo': Permission denied
ls: cannot open directory '/proc/708/map_files': Permission denied
ls: cannot open directory '/proc/708/ns': Permission denied
ls: cannot open directory '/proc/708/task/708/fd': Permission denied
ls: cannot open directory '/proc/708/task/708/fdinfo': Permission denied
ls: cannot open directory '/proc/708/task/708/ns': Permission denied
ls: cannot open directory '/proc/712/fd': Permission denied
ls: cannot open directory '/proc/712/fdinfo': Permission denied
ls: cannot open directory '/proc/712/map_files': Permission denied
ls: cannot open directory '/proc/712/ns': Permission denied
ls: cannot open directory '/proc/712/task/712/fd': Permission denied
ls: cannot open directory '/proc/712/task/712/fdinfo': Permission denied
ls: cannot open directory '/proc/712/task/712/ns': Permission denied
ls: cannot open directory '/proc/712/task/724/fd': Permission denied
ls: cannot open directory '/proc/712/task/724/fdinfo': Permission denied
ls: cannot open directory '/proc/712/task/724/ns': Permission denied
ls: cannot open directory '/proc/725/fd': Permission denied
ls: cannot open directory '/proc/725/fdinfo': Permission denied
ls: cannot open directory '/proc/725/map_files': Permission denied
ls: cannot open directory '/proc/725/ns': Permission denied
ls: cannot open directory '/proc/725/task/725/fd': Permission denied
ls: cannot open directory '/proc/725/task/725/fdinfo': Permission denied
ls: cannot open directory '/proc/725/task/725/ns': Permission denied
ls: cannot open directory '/proc/738/fd': Permission denied
ls: cannot open directory '/proc/738/fdinfo': Permission denied
ls: cannot open directory '/proc/738/map_files': Permission denied
ls: cannot open directory '/proc/738/ns': Permission denied
ls: cannot open directory '/proc/738/task/738/fd': Permission denied
ls: cannot open directory '/proc/738/task/738/fdinfo': Permission denied
ls: cannot open directory '/proc/738/task/738/ns': Permission denied
ls: cannot open directory '/proc/738/task/748/fd': Permission denied
ls: cannot open directory '/proc/738/task/748/fdinfo': Permission denied
ls: cannot open directory '/proc/738/task/748/ns': Permission denied
ls: cannot open directory '/proc/738/task/851/fd': Permission denied
ls: cannot open directory '/proc/738/task/851/fdinfo': Permission denied
ls: cannot open directory '/proc/738/task/851/ns': Permission denied
ls: cannot open directory '/proc/739/fd': Permission denied
ls: cannot open directory '/proc/739/fdinfo': Permission denied
ls: cannot open directory '/proc/739/map_files': Permission denied
ls: cannot open directory '/proc/739/ns': Permission denied
ls: cannot open directory '/proc/739/task/739/fd': Permission denied
ls: cannot open directory '/proc/739/task/739/fdinfo': Permission denied
ls: cannot open directory '/proc/739/task/739/ns': Permission denied
ls: cannot open directory '/proc/743/fd': Permission denied
ls: cannot open directory '/proc/743/fdinfo': Permission denied
ls: cannot open directory '/proc/743/map_files': Permission denied
ls: cannot open directory '/proc/743/ns': Permission denied
ls: cannot open directory '/proc/743/task/743/fd': Permission denied
ls: cannot open directory '/proc/743/task/743/fdinfo': Permission denied
ls: cannot open directory '/proc/743/task/743/ns': Permission denied
ls: cannot open directory '/proc/744/fd': Permission denied
ls: cannot open directory '/proc/744/fdinfo': Permission denied
ls: cannot open directory '/proc/744/map_files': Permission denied
ls: cannot open directory '/proc/744/ns': Permission denied
ls: cannot open directory '/proc/744/task/744/fd': Permission denied
ls: cannot open directory '/proc/744/task/744/fdinfo': Permission denied
ls: cannot open directory '/proc/744/task/744/ns': Permission denied
ls: cannot open directory '/proc/745/fd': Permission denied
ls: cannot open directory '/proc/745/fdinfo': Permission denied
ls: cannot open directory '/proc/745/map_files': Permission denied
ls: cannot open directory '/proc/745/ns': Permission denied
ls: cannot open directory '/proc/745/task/745/fd': Permission denied
ls: cannot open directory '/proc/745/task/745/fdinfo': Permission denied
ls: cannot open directory '/proc/745/task/745/ns': Permission denied
ls: cannot open directory '/proc/747/fd': Permission denied
ls: cannot open directory '/proc/747/fdinfo': Permission denied
ls: cannot open directory '/proc/747/map_files': Permission denied
ls: cannot open directory '/proc/747/ns': Permission denied
ls: cannot open directory '/proc/747/task/747/fd': Permission denied
ls: cannot open directory '/proc/747/task/747/fdinfo': Permission denied
ls: cannot open directory '/proc/747/task/747/ns': Permission denied
ls: cannot open directory '/proc/750/fd': Permission denied
ls: cannot open directory '/proc/750/fdinfo': Permission denied
ls: cannot open directory '/proc/750/map_files': Permission denied
ls: cannot open directory '/proc/750/ns': Permission denied
ls: cannot open directory '/proc/750/task/750/fd': Permission denied
ls: cannot open directory '/proc/750/task/750/fdinfo': Permission denied
ls: cannot open directory '/proc/750/task/750/ns': Permission denied
ls: cannot open directory '/proc/750/task/840/fd': Permission denied
ls: cannot open directory '/proc/750/task/840/fdinfo': Permission denied
ls: cannot open directory '/proc/750/task/840/ns': Permission denied
ls: cannot open directory '/proc/750/task/855/fd': Permission denied
ls: cannot open directory '/proc/750/task/855/fdinfo': Permission denied
ls: cannot open directory '/proc/750/task/855/ns': Permission denied
ls: cannot open directory '/proc/756/fd': Permission denied
ls: cannot open directory '/proc/756/fdinfo': Permission denied
ls: cannot open directory '/proc/756/map_files': Permission denied
ls: cannot open directory '/proc/756/ns': Permission denied
ls: cannot open directory '/proc/756/task/756/fd': Permission denied
ls: cannot open directory '/proc/756/task/756/fdinfo': Permission denied
ls: cannot open directory '/proc/756/task/756/ns': Permission denied
ls: cannot open directory '/proc/756/task/780/fd': Permission denied
ls: cannot open directory '/proc/756/task/780/fdinfo': Permission denied
ls: cannot open directory '/proc/756/task/780/ns': Permission denied
ls: cannot open directory '/proc/756/task/853/fd': Permission denied
ls: cannot open directory '/proc/756/task/853/fdinfo': Permission denied
ls: cannot open directory '/proc/756/task/853/ns': Permission denied
ls: cannot open directory '/proc/758/fd': Permission denied
ls: cannot open directory '/proc/758/fdinfo': Permission denied
ls: cannot open directory '/proc/758/map_files': Permission denied
ls: cannot open directory '/proc/758/ns': Permission denied
ls: cannot open directory '/proc/758/task/758/fd': Permission denied
ls: cannot open directory '/proc/758/task/758/fdinfo': Permission denied
ls: cannot open directory '/proc/758/task/758/ns': Permission denied
ls: cannot open directory '/proc/758/task/786/fd': Permission denied
ls: cannot open directory '/proc/758/task/786/fdinfo': Permission denied
ls: cannot open directory '/proc/758/task/786/ns': Permission denied
ls: cannot open directory '/proc/760/fd': Permission denied
ls: cannot open directory '/proc/760/fdinfo': Permission denied
ls: cannot open directory '/proc/760/map_files': Permission denied
ls: cannot open directory '/proc/760/ns': Permission denied
ls: cannot open directory '/proc/760/task/760/fd': Permission denied
ls: cannot open directory '/proc/760/task/760/fdinfo': Permission denied
ls: cannot open directory '/proc/760/task/760/ns': Permission denied
ls: cannot open directory '/proc/774/fd': Permission denied
ls: cannot open directory '/proc/774/fdinfo': Permission denied
ls: cannot open directory '/proc/774/map_files': Permission denied
ls: cannot open directory '/proc/774/ns': Permission denied
ls: cannot open directory '/proc/774/task/774/fd': Permission denied
ls: cannot open directory '/proc/774/task/774/fdinfo': Permission denied
ls: cannot open directory '/proc/774/task/774/ns': Permission denied
ls: cannot open directory '/proc/774/task/782/fd': Permission denied
ls: cannot open directory '/proc/774/task/782/fdinfo': Permission denied
ls: cannot open directory '/proc/774/task/782/ns': Permission denied
ls: cannot open directory '/proc/774/task/852/fd': Permission denied
ls: cannot open directory '/proc/774/task/852/fdinfo': Permission denied
ls: cannot open directory '/proc/774/task/852/ns': Permission denied
ls: cannot open directory '/proc/779/fd': Permission denied
ls: cannot open directory '/proc/779/fdinfo': Permission denied
ls: cannot open directory '/proc/779/map_files': Permission denied
ls: cannot open directory '/proc/779/ns': Permission denied
ls: cannot open directory '/proc/779/task/779/fd': Permission denied
ls: cannot open directory '/proc/779/task/779/fdinfo': Permission denied
ls: cannot open directory '/proc/779/task/779/ns': Permission denied
ls: cannot open directory '/proc/779/task/803/fd': Permission denied
ls: cannot open directory '/proc/779/task/803/fdinfo': Permission denied
ls: cannot open directory '/proc/779/task/803/ns': Permission denied
ls: cannot open directory '/proc/779/task/804/fd': Permission denied
ls: cannot open directory '/proc/779/task/804/fdinfo': Permission denied
ls: cannot open directory '/proc/779/task/804/ns': Permission denied
ls: cannot open directory '/proc/779/task/805/fd': Permission denied
ls: cannot open directory '/proc/779/task/805/fdinfo': Permission denied
ls: cannot open directory '/proc/779/task/805/ns': Permission denied
ls: cannot open directory '/proc/785/fd': Permission denied
ls: cannot open directory '/proc/785/fdinfo': Permission denied
ls: cannot open directory '/proc/785/map_files': Permission denied
ls: cannot open directory '/proc/785/ns': Permission denied
ls: cannot open directory '/proc/785/task/1007/fd': Permission denied
ls: cannot open directory '/proc/785/task/1007/fdinfo': Permission denied
ls: cannot open directory '/proc/785/task/1007/ns': Permission denied
ls: cannot open directory '/proc/785/task/14285/fd': Permission denied
ls: cannot open directory '/proc/785/task/14285/fdinfo': Permission denied
ls: cannot open directory '/proc/785/task/14285/ns': Permission denied
ls: cannot open directory '/proc/785/task/4703/fd': Permission denied
ls: cannot open directory '/proc/785/task/4703/fdinfo': Permission denied
ls: cannot open directory '/proc/785/task/4703/ns': Permission denied
ls: cannot open directory '/proc/785/task/4704/fd': Permission denied
ls: cannot open directory '/proc/785/task/4704/fdinfo': Permission denied
ls: cannot open directory '/proc/785/task/4704/ns': Permission denied
ls: cannot open directory '/proc/785/task/5855/fd': Permission denied
ls: cannot open directory '/proc/785/task/5855/fdinfo': Permission denied
ls: cannot open directory '/proc/785/task/5855/ns': Permission denied
ls: cannot open directory '/proc/785/task/5856/fd': Permission denied
ls: cannot open directory '/proc/785/task/5856/fdinfo': Permission denied
ls: cannot open directory '/proc/785/task/5856/ns': Permission denied
ls: cannot open directory '/proc/785/task/785/fd': Permission denied
ls: cannot open directory '/proc/785/task/785/fdinfo': Permission denied
ls: cannot open directory '/proc/785/task/785/ns': Permission denied
ls: cannot open directory '/proc/785/task/940/fd': Permission denied
ls: cannot open directory '/proc/785/task/940/fdinfo': Permission denied
ls: cannot open directory '/proc/785/task/940/ns': Permission denied
ls: cannot open directory '/proc/785/task/941/fd': Permission denied
ls: cannot open directory '/proc/785/task/941/fdinfo': Permission denied
ls: cannot open directory '/proc/785/task/941/ns': Permission denied
ls: cannot open directory '/proc/785/task/942/fd': Permission denied
ls: cannot open directory '/proc/785/task/942/fdinfo': Permission denied
ls: cannot open directory '/proc/785/task/942/ns': Permission denied
ls: cannot open directory '/proc/785/task/943/fd': Permission denied
ls: cannot open directory '/proc/785/task/943/fdinfo': Permission denied
ls: cannot open directory '/proc/785/task/943/ns': Permission denied
ls: cannot open directory '/proc/785/task/944/fd': Permission denied
ls: cannot open directory '/proc/785/task/944/fdinfo': Permission denied
ls: cannot open directory '/proc/785/task/944/ns': Permission denied
ls: cannot open directory '/proc/785/task/961/fd': Permission denied
ls: cannot open directory '/proc/785/task/961/fdinfo': Permission denied
ls: cannot open directory '/proc/785/task/961/ns': Permission denied
ls: cannot open directory '/proc/785/task/963/fd': Permission denied
ls: cannot open directory '/proc/785/task/963/fdinfo': Permission denied
ls: cannot open directory '/proc/785/task/963/ns': Permission denied
ls: cannot open directory '/proc/785/task/964/fd': Permission denied
ls: cannot open directory '/proc/785/task/964/fdinfo': Permission denied
ls: cannot open directory '/proc/785/task/964/ns': Permission denied
ls: cannot open directory '/proc/785/task/986/fd': Permission denied
ls: cannot open directory '/proc/785/task/986/fdinfo': Permission denied
ls: cannot open directory '/proc/785/task/986/ns': Permission denied
ls: cannot open directory '/proc/785/task/988/fd': Permission denied
ls: cannot open directory '/proc/785/task/988/fdinfo': Permission denied
ls: cannot open directory '/proc/785/task/988/ns': Permission denied
ls: cannot open directory '/proc/787/fd': Permission denied
ls: cannot open directory '/proc/787/fdinfo': Permission denied
ls: cannot open directory '/proc/787/map_files': Permission denied
ls: cannot open directory '/proc/787/ns': Permission denied
ls: cannot open directory '/proc/787/task/787/fd': Permission denied
ls: cannot open directory '/proc/787/task/787/fdinfo': Permission denied
ls: cannot open directory '/proc/787/task/787/ns': Permission denied
ls: cannot open directory '/proc/788/fd': Permission denied
ls: cannot open directory '/proc/788/fdinfo': Permission denied
ls: cannot open directory '/proc/788/map_files': Permission denied
ls: cannot open directory '/proc/788/ns': Permission denied
ls: cannot open directory '/proc/788/task/788/fd': Permission denied
ls: cannot open directory '/proc/788/task/788/fdinfo': Permission denied
ls: cannot open directory '/proc/788/task/788/ns': Permission denied
ls: cannot open directory '/proc/788/task/884/fd': Permission denied
ls: cannot open directory '/proc/788/task/884/fdinfo': Permission denied
ls: cannot open directory '/proc/788/task/884/ns': Permission denied
ls: cannot open directory '/proc/789/fd': Permission denied
ls: cannot open directory '/proc/789/fdinfo': Permission denied
ls: cannot open directory '/proc/789/map_files': Permission denied
ls: cannot open directory '/proc/789/ns': Permission denied
ls: cannot open directory '/proc/789/task/789/fd': Permission denied
ls: cannot open directory '/proc/789/task/789/fdinfo': Permission denied
ls: cannot open directory '/proc/789/task/789/ns': Permission denied
ls: cannot open directory '/proc/789/task/809/fd': Permission denied
ls: cannot open directory '/proc/789/task/809/fdinfo': Permission denied
ls: cannot open directory '/proc/789/task/809/ns': Permission denied
ls: cannot open directory '/proc/789/task/854/fd': Permission denied
ls: cannot open directory '/proc/789/task/854/fdinfo': Permission denied
ls: cannot open directory '/proc/789/task/854/ns': Permission denied
ls: cannot open directory '/proc/789/task/904/fd': Permission denied
ls: cannot open directory '/proc/789/task/904/fdinfo': Permission denied
ls: cannot open directory '/proc/789/task/904/ns': Permission denied
ls: cannot open directory '/proc/789/task/950/fd': Permission denied
ls: cannot open directory '/proc/789/task/950/fdinfo': Permission denied
ls: cannot open directory '/proc/789/task/950/ns': Permission denied
ls: cannot open directory '/proc/790/fd': Permission denied
ls: cannot open directory '/proc/790/fdinfo': Permission denied
ls: cannot open directory '/proc/790/map_files': Permission denied
ls: cannot open directory '/proc/790/ns': Permission denied
ls: cannot open directory '/proc/790/task/790/fd': Permission denied
ls: cannot open directory '/proc/790/task/790/fdinfo': Permission denied
ls: cannot open directory '/proc/790/task/790/ns': Permission denied
ls: cannot open directory '/proc/793/fd': Permission denied
ls: cannot open directory '/proc/793/fdinfo': Permission denied
ls: cannot open directory '/proc/793/map_files': Permission denied
ls: cannot open directory '/proc/793/ns': Permission denied
ls: cannot open directory '/proc/793/task/793/fd': Permission denied
ls: cannot open directory '/proc/793/task/793/fdinfo': Permission denied
ls: cannot open directory '/proc/793/task/793/ns': Permission denied
ls: cannot open directory '/proc/870/fd': Permission denied
ls: cannot open directory '/proc/870/fdinfo': Permission denied
ls: cannot open directory '/proc/870/map_files': Permission denied
ls: cannot open directory '/proc/870/ns': Permission denied
ls: cannot open directory '/proc/870/task/870/fd': Permission denied
ls: cannot open directory '/proc/870/task/870/fdinfo': Permission denied
ls: cannot open directory '/proc/870/task/870/ns': Permission denied
ls: cannot open directory '/proc/870/task/900/fd': Permission denied
ls: cannot open directory '/proc/870/task/900/fdinfo': Permission denied
ls: cannot open directory '/proc/870/task/900/ns': Permission denied
ls: cannot open directory '/proc/870/task/902/fd': Permission denied
ls: cannot open directory '/proc/870/task/902/fdinfo': Permission denied
ls: cannot open directory '/proc/870/task/902/ns': Permission denied
ls: cannot open directory '/proc/891/fd': Permission denied
ls: cannot open directory '/proc/891/fdinfo': Permission denied
ls: cannot open directory '/proc/891/map_files': Permission denied
ls: cannot open directory '/proc/891/ns': Permission denied
ls: cannot open directory '/proc/891/task/1008/fd': Permission denied
ls: cannot open directory '/proc/891/task/1008/fdinfo': Permission denied
ls: cannot open directory '/proc/891/task/1008/ns': Permission denied
ls: cannot open directory '/proc/891/task/1081/fd': Permission denied
ls: cannot open directory '/proc/891/task/1081/fdinfo': Permission denied
ls: cannot open directory '/proc/891/task/1081/ns': Permission denied
ls: cannot open directory '/proc/891/task/1082/fd': Permission denied
ls: cannot open directory '/proc/891/task/1082/fdinfo': Permission denied
ls: cannot open directory '/proc/891/task/1082/ns': Permission denied
ls: cannot open directory '/proc/891/task/1105/fd': Permission denied
ls: cannot open directory '/proc/891/task/1105/fdinfo': Permission denied
ls: cannot open directory '/proc/891/task/1105/ns': Permission denied
ls: cannot open directory '/proc/891/task/1107/fd': Permission denied
ls: cannot open directory '/proc/891/task/1107/fdinfo': Permission denied
ls: cannot open directory '/proc/891/task/1107/ns': Permission denied
ls: cannot open directory '/proc/891/task/891/fd': Permission denied
ls: cannot open directory '/proc/891/task/891/fdinfo': Permission denied
ls: cannot open directory '/proc/891/task/891/ns': Permission denied
ls: cannot open directory '/proc/9/fd': Permission denied
ls: cannot open directory '/proc/9/fdinfo': Permission denied
ls: cannot open directory '/proc/9/map_files': Permission denied
ls: cannot open directory '/proc/9/ns': Permission denied
ls: cannot open directory '/proc/9/task/9/fd': Permission denied
ls: cannot open directory '/proc/9/task/9/fdinfo': Permission denied
ls: cannot open directory '/proc/9/task/9/ns': Permission denied
ls: cannot open directory '/proc/93/fd': Permission denied
ls: cannot open directory '/proc/93/fdinfo': Permission denied
ls: cannot open directory '/proc/93/map_files': Permission denied
ls: cannot open directory '/proc/93/ns': Permission denied
ls: cannot open directory '/proc/93/task/93/fd': Permission denied
ls: cannot open directory '/proc/93/task/93/fdinfo': Permission denied
ls: cannot open directory '/proc/93/task/93/ns': Permission denied
ls: cannot open directory '/proc/94/fd': Permission denied
ls: cannot open directory '/proc/94/fdinfo': Permission denied
ls: cannot open directory '/proc/94/map_files': Permission denied
ls: cannot open directory '/proc/94/ns': Permission denied
ls: cannot open directory '/proc/94/task/94/fd': Permission denied
ls: cannot open directory '/proc/94/task/94/fdinfo': Permission denied
ls: cannot open directory '/proc/94/task/94/ns': Permission denied
ls: cannot open directory '/proc/95/fd': Permission denied
ls: cannot open directory '/proc/95/fdinfo': Permission denied
ls: cannot open directory '/proc/95/map_files': Permission denied
ls: cannot open directory '/proc/95/ns': Permission denied
ls: cannot open directory '/proc/95/task/95/fd': Permission denied
ls: cannot open directory '/proc/95/task/95/fdinfo': Permission denied
ls: cannot open directory '/proc/95/task/95/ns': Permission denied
ls: cannot open directory '/proc/952/fd': Permission denied
ls: cannot open directory '/proc/952/fdinfo': Permission denied
ls: cannot open directory '/proc/952/map_files': Permission denied
ls: cannot open directory '/proc/952/ns': Permission denied
ls: cannot open directory '/proc/952/task/952/fd': Permission denied
ls: cannot open directory '/proc/952/task/952/fdinfo': Permission denied
ls: cannot open directory '/proc/952/task/952/ns': Permission denied
ls: cannot open directory '/proc/952/task/958/fd': Permission denied
ls: cannot open directory '/proc/952/task/958/fdinfo': Permission denied
ls: cannot open directory '/proc/952/task/958/ns': Permission denied
ls: cannot open directory '/proc/954/fd': Permission denied
ls: cannot open directory '/proc/954/fdinfo': Permission denied
ls: cannot open directory '/proc/954/map_files': Permission denied
ls: cannot open directory '/proc/954/ns': Permission denied
ls: cannot open directory '/proc/954/task/954/fd': Permission denied
ls: cannot open directory '/proc/954/task/954/fdinfo': Permission denied
ls: cannot open directory '/proc/954/task/954/ns': Permission denied
ls: cannot open directory '/proc/954/task/956/fd': Permission denied
ls: cannot open directory '/proc/954/task/956/fdinfo': Permission denied
ls: cannot open directory '/proc/954/task/956/ns': Permission denied
ls: cannot open directory '/proc/957/fd': Permission denied
ls: cannot open directory '/proc/957/fdinfo': Permission denied
ls: cannot open directory '/proc/957/map_files': Permission denied
ls: cannot open directory '/proc/957/ns': Permission denied
ls: cannot open directory '/proc/957/task/1001/fd': Permission denied
ls: cannot open directory '/proc/957/task/1001/fdinfo': Permission denied
ls: cannot open directory '/proc/957/task/1001/ns': Permission denied
ls: cannot open directory '/proc/957/task/1002/fd': Permission denied
ls: cannot open directory '/proc/957/task/1002/fdinfo': Permission denied
ls: cannot open directory '/proc/957/task/1002/ns': Permission denied
ls: cannot open directory '/proc/957/task/1003/fd': Permission denied
ls: cannot open directory '/proc/957/task/1003/fdinfo': Permission denied
ls: cannot open directory '/proc/957/task/1003/ns': Permission denied
ls: cannot open directory '/proc/957/task/1004/fd': Permission denied
ls: cannot open directory '/proc/957/task/1004/fdinfo': Permission denied
ls: cannot open directory '/proc/957/task/1004/ns': Permission denied
ls: cannot open directory '/proc/957/task/1015/fd': Permission denied
ls: cannot open directory '/proc/957/task/1015/fdinfo': Permission denied
ls: cannot open directory '/proc/957/task/1015/ns': Permission denied
ls: cannot open directory '/proc/957/task/957/fd': Permission denied
ls: cannot open directory '/proc/957/task/957/fdinfo': Permission denied
ls: cannot open directory '/proc/957/task/957/ns': Permission denied
ls: cannot open directory '/proc/957/task/973/fd': Permission denied
ls: cannot open directory '/proc/957/task/973/fdinfo': Permission denied
ls: cannot open directory '/proc/957/task/973/ns': Permission denied
ls: cannot open directory '/proc/957/task/974/fd': Permission denied
ls: cannot open directory '/proc/957/task/974/fdinfo': Permission denied
ls: cannot open directory '/proc/957/task/974/ns': Permission denied
ls: cannot open directory '/proc/957/task/975/fd': Permission denied
ls: cannot open directory '/proc/957/task/975/fdinfo': Permission denied
ls: cannot open directory '/proc/957/task/975/ns': Permission denied
ls: cannot open directory '/proc/957/task/976/fd': Permission denied
ls: cannot open directory '/proc/957/task/976/fdinfo': Permission denied
ls: cannot open directory '/proc/957/task/976/ns': Permission denied
ls: cannot open directory '/proc/96/fd': Permission denied
ls: cannot open directory '/proc/96/fdinfo': Permission denied
ls: cannot open directory '/proc/96/map_files': Permission denied
ls: cannot open directory '/proc/96/ns': Permission denied
ls: cannot open directory '/proc/96/task/96/fd': Permission denied
ls: cannot open directory '/proc/96/task/96/fdinfo': Permission denied
ls: cannot open directory '/proc/96/task/96/ns': Permission denied
ls: cannot open directory '/proc/97/fd': Permission denied
ls: cannot open directory '/proc/97/fdinfo': Permission denied
ls: cannot open directory '/proc/97/map_files': Permission denied
ls: cannot open directory '/proc/97/ns': Permission denied
ls: cannot open directory '/proc/97/task/97/fd': Permission denied
ls: cannot open directory '/proc/97/task/97/fdinfo': Permission denied
ls: cannot open directory '/proc/97/task/97/ns': Permission denied
ls: cannot open directory '/proc/98/fd': Permission denied
ls: cannot open directory '/proc/98/fdinfo': Permission denied
ls: cannot open directory '/proc/98/map_files': Permission denied
ls: cannot open directory '/proc/98/ns': Permission denied
ls: cannot open directory '/proc/98/task/98/fd': Permission denied
ls: cannot open directory '/proc/98/task/98/fdinfo': Permission denied
ls: cannot open directory '/proc/98/task/98/ns': Permission denied
ls: cannot open directory '/proc/99/fd': Permission denied
ls: cannot open directory '/proc/99/fdinfo': Permission denied
ls: cannot open directory '/proc/99/map_files': Permission denied
ls: cannot open directory '/proc/99/ns': Permission denied
ls: cannot open directory '/proc/99/task/99/fd': Permission denied
ls: cannot open directory '/proc/99/task/99/fdinfo': Permission denied
ls: cannot open directory '/proc/99/task/99/ns': Permission denied
ls: cannot open directory '/proc/tty/driver': Permission denied
ls: cannot open directory '/root': Permission denied
ls: cannot open directory '/run/cryptsetup': Permission denied
ls: cannot open directory '/run/cups/certs': Permission denied
ls: cannot open directory '/run/initramfs': Permission denied
ls: cannot open directory '/run/sudo': Permission denied
ls: cannot open directory '/run/systemd/ask-password-block': Permission denied
ls: cannot open directory '/run/systemd/inaccessible': Permission denied
ls: cannot open directory '/run/systemd/resolve/netif': Permission denied
ls: cannot open directory '/run/systemd/unit-root': Permission denied
ls: cannot open directory '/run/udisks2': Permission denied
ls: cannot open directory '/run/user/1000/inaccessible': Permission denied
ls: cannot open directory '/run/wpa_supplicant': Permission denied
ls: cannot open directory '/snap/core18/1997/etc/ssl/private': Permission denied
ls: cannot open directory '/snap/core18/1997/root': Permission denied
ls: cannot open directory '/snap/core18/1997/var/cache/ldconfig': Permission denied
ls: cannot open directory '/snap/core18/1997/var/lib/private': Permission denied
ls: cannot open directory '/snap/core18/2066/etc/ssl/private': Permission denied
ls: cannot open directory '/snap/core18/2066/root': Permission denied
ls: cannot open directory '/snap/core18/2066/var/cache/ldconfig': Permission denied
ls: cannot open directory '/snap/core18/2066/var/lib/private': Permission denied
ls: cannot open directory '/sys/fs/bpf': Permission denied
ls: cannot open directory '/sys/fs/pstore': Permission denied
ls: cannot open directory '/sys/kernel/debug': Permission denied
ls: cannot open directory '/sys/kernel/tracing': Permission denied
ls: cannot open directory '/tmp/systemd-private-c103d2a0c72144be97960a1bc3d7b096-fwupd.service-ie8T9h': Permission denied
ls: cannot open directory '/tmp/systemd-private-c103d2a0c72144be97960a1bc3d7b096-haveged.service-OJDOxf': Permission denied
ls: cannot open directory '/tmp/systemd-private-c103d2a0c72144be97960a1bc3d7b096-iio-sensor-proxy.service-DabEoh': Permission denied
ls: cannot open directory '/tmp/systemd-private-c103d2a0c72144be97960a1bc3d7b096-ModemManager.service-dOA1oi': Permission denied
ls: cannot open directory '/tmp/systemd-private-c103d2a0c72144be97960a1bc3d7b096-systemd-logind.service-SNcHli': Permission denied
ls: cannot open directory '/tmp/systemd-private-c103d2a0c72144be97960a1bc3d7b096-systemd-resolved.service-GCTN3i': Permission denied
ls: cannot open directory '/tmp/systemd-private-c103d2a0c72144be97960a1bc3d7b096-systemd-timesyncd.service-If5Cti': Permission denied
ls: cannot open directory '/tmp/systemd-private-c103d2a0c72144be97960a1bc3d7b096-upower.service-sKKrcf': Permission denied
ls: cannot open directory '/var/cache/apparmor/83ba7c1a.0': Permission denied
ls: cannot open directory '/var/cache/apt/archives/partial': Permission denied
ls: cannot open directory '/var/cache/cups': Permission denied
ls: cannot open directory '/var/cache/ldconfig': Permission denied
ls: cannot open directory '/var/cache/powertop': Permission denied
ls: cannot open directory '/var/cache/private': Permission denied
ls: cannot open directory '/var/lib/AccountsService/users': Permission denied
ls: cannot open directory '/var/lib/apt/lists/partial': Permission denied
ls: cannot open directory '/var/lib/bluetooth/00:C2:C6:C4:E2:BB': Permission denied
ls: cannot open directory '/var/lib/fwupd/gnupg': Permission denied
ls: cannot open directory '/var/lib/mysql-files': Permission denied
ls: cannot open directory '/var/lib/mysql-keyring': Permission denied
ls: cannot open directory '/var/lib/NetworkManager': Permission denied
ls: cannot open directory '/var/lib/polkit-1': Permission denied
ls: cannot open directory '/var/lib/private': Permission denied
ls: cannot open directory '/var/lib/sddm': Permission denied
ls: cannot open directory '/var/lib/snapd/cache': Permission denied
ls: cannot open directory '/var/lib/snapd/cookie': Permission denied
ls: cannot open directory '/var/lib/snapd/snapshots': Permission denied
ls: cannot open directory '/var/lib/snapd/void': Permission denied
ls: cannot open directory '/var/lib/udisks2': Permission denied
ls: cannot open directory '/var/log/private': Permission denied
ls: cannot open directory '/var/spool/cron/crontabs': Permission denied
ls: cannot open directory '/var/spool/cups': Permission denied
ls: cannot open directory '/var/spool/rsyslog': Permission denied
ls: cannot open directory '/var/tmp/systemd-private-c103d2a0c72144be97960a1bc3d7b096-fwupd.service-9AKjJg': Permission denied
ls: cannot open directory '/var/tmp/systemd-private-c103d2a0c72144be97960a1bc3d7b096-haveged.service-7JDA7e': Permission denied
ls: cannot open directory '/var/tmp/systemd-private-c103d2a0c72144be97960a1bc3d7b096-iio-sensor-proxy.service-QpPfwj': Permission denied
ls: cannot open directory '/var/tmp/systemd-private-c103d2a0c72144be97960a1bc3d7b096-ModemManager.service-qg4wrg': Permission denied
ls: cannot open directory '/var/tmp/systemd-private-c103d2a0c72144be97960a1bc3d7b096-systemd-logind.service-QHDBhj': Permission denied
ls: cannot open directory '/var/tmp/systemd-private-c103d2a0c72144be97960a1bc3d7b096-systemd-resolved.service-x0Kjxj': Permission denied
ls: cannot open directory '/var/tmp/systemd-private-c103d2a0c72144be97960a1bc3d7b096-systemd-timesyncd.service-mvohYi': Permission denied
ls: cannot open directory '/var/tmp/systemd-private-c103d2a0c72144be97960a1bc3d7b096-upower.service-dOMBuf': Permission denied
ls: write error
